<?xml version="1.0" encoding="UTF-8"?>
<testsuite xmlns:xsi="http://www.w3.org/2001/XMLSchema-instance" xsi:noNamespaceSchemaLocation="https://maven.apache.org/surefire/maven-surefire-plugin/xsd/surefire-test-report-3.0.xsd" version="3.0" name="PointTest" time="0.076" tests="2" errors="0" skipped="0" failures="0">
  <properties>
[...]
</properties>
  <testcase name="testCalculDistance" classname="PointTest" time="0.011">
    <system-out><![CDATA[Distance = 5.0
]]></system-out>
  </testcase>
  <testcase name="testCalculMilieu" classname="PointTest" time="0.002">
    <system-out><![CDATA[Milieu = (1.0,1.0)
]]></system-out>
  </testcase>
</testsuite>